10:52:18 **** Incremental Build of configuration Debug for project Chebyshev functions ****
make all 
Building file: ../chebysum.cu
Invoking: NVCC Compiler
/usr/local/cuda-10.1/bin/nvcc -G -g -O0 -gencode arch=compute_50,code=sm_50  -odir "." -M -o "chebysum.d" "../chebysum.cu"
/usr/local/cuda-10.1/bin/nvcc -G -g -O0 --compile --relocatable-device-code=false -gencode arch=compute_50,code=compute_50 -gencode arch=compute_50,code=sm_50  -x cu -o  "chebysum.o" "../chebysum.cu"
Finished building: ../chebysum.cu
 
Building target: Chebyshev functions
Invoking: NVCC Linker
/usr/local/cuda-10.1/bin/nvcc --cudart static --relocatable-device-code=false -gencode arch=compute_50,code=compute_50 -gencode arch=compute_50,code=sm_50 -link -o  "Chebyshev functions"  ./chebysum.o   
/usr/bin/ld: /usr/lib/gcc/x86_64-linux-gnu/8/../../../x86_64-linux-gnu/Scrt1.o: in function `_start':
(.text+0x20): undefined reference to `main'
collect2: error: ld returned 1 exit status
make: *** [makefile:60: Chebyshev functions] Error 1
10:52:25 **** Build of configuration Debug for project Chebyshev functions ****
make all 
Building target: Chebyshev functions
Invoking: NVCC Linker
/usr/local/cuda-10.1/bin/nvcc --cudart static --relocatable-device-code=false -gencode arch=compute_50,code=compute_50 -gencode arch=compute_50,code=sm_50 -link -o  "Chebyshev functions"  ./chebysum.o   
/usr/bin/ld: /usr/lib/gcc/x86_64-linux-gnu/8/../../../x86_64-linux-gnu/Scrt1.o: in function `_start':
(.text+0x20): undefined reference to `main'
collect2: error: ld returned 1 exit status
make: *** [makefile:60: Chebyshev functions] Error 1
10:55:01 **** Clean-only build of configuration Debug for project Chebyshev functions ****
make clean 
rm -rf  ./chebysum.o  ./chebysum.d  "Chebyshev functions"
 
10:55:01 **** Incremental Build of configuration Debug for project Chebyshev functions ****
make all 
Building file: ../chebysum.cpp
Invoking: GCC C++ Compiler
g++ -O0 -g3 -Wall -c -fmessage-length=0 -MMD -MP -MF"chebysum.d" -MT"chebysum.d" -o "chebysum.o" "../chebysum.cpp"
Finished building: ../chebysum.cpp
 
Building target: Chebyshev functions
Invoking: NVCC Linker
/usr/local/cuda-10.1/bin/nvcc --cudart static --relocatable-device-code=false -gencode arch=compute_50,code=compute_50 -gencode arch=compute_50,code=sm_50 -link -o  "Chebyshev functions"  ./chebysum.o   
/usr/bin/ld: /usr/lib/gcc/x86_64-linux-gnu/8/../../../x86_64-linux-gnu/Scrt1.o: in function `_start':
(.text+0x20): undefined reference to `main'
collect2: error: ld returned 1 exit status
make: *** [makefile:60: Chebyshev functions] Error 1
10:55:39 **** Build of configuration Debug for project Chebyshev functions ****
make all 
Building target: Chebyshev functions
Invoking: NVCC Linker
/usr/local/cuda-10.1/bin/nvcc --cudart static --relocatable-device-code=false -gencode arch=compute_50,code=compute_50 -gencode arch=compute_50,code=sm_50 -link -o  "Chebyshev functions"  ./chebysum.o   
/usr/bin/ld: /usr/lib/gcc/x86_64-linux-gnu/8/../../../x86_64-linux-gnu/Scrt1.o: in function `_start':
(.text+0x20): undefined reference to `main'
collect2: error: ld returned 1 exit status
make: *** [makefile:60: Chebyshev functions] Error 1
10:57:40 **** Incremental Build of configuration Debug for project Chebyshev functions ****
make all 
Building target: Chebyshev functions
Invoking: NVCC Linker
/usr/local/cuda-10.1/bin/nvcc --cudart static --relocatable-device-code=false -gencode arch=compute_50,code=compute_50 -gencode arch=compute_50,code=sm_50 -link -o  "Chebyshev functions"  ./chebysum.o   
/usr/bin/ld: /usr/lib/gcc/x86_64-linux-gnu/8/../../../x86_64-linux-gnu/Scrt1.o: in function `_start':
(.text+0x20): undefined reference to `main'
collect2: error: ld returned 1 exit status
make: *** [makefile:60: Chebyshev functions] Error 1
10:58:38 **** Incremental Build of configuration Debug for project Chebyshev functions ****
make all 
Building target: Chebyshev functions
Invoking: NVCC Linker
/usr/local/cuda-10.1/bin/nvcc --cudart static --relocatable-device-code=false -gencode arch=compute_50,code=compute_50 -gencode arch=compute_50,code=sm_50 -link -o  "Chebyshev functions"  ./chebysum.o   
/usr/bin/ld: /usr/lib/gcc/x86_64-linux-gnu/8/../../../x86_64-linux-gnu/Scrt1.o: in function `_start':
(.text+0x20): undefined reference to `main'
collect2: error: ld returned 1 exit status
make: *** [makefile:60: Chebyshev functions] Error 1
11:00:46 **** Clean-only build of configuration Debug for project Chebyshev functions ****
make clean 
rm -rf  ./chebysum.o  ./chebysum.d  "Chebyshev functions"
 
11:00:46 **** Incremental Build of configuration Debug for project Chebyshev functions ****
make all 
Building file: ../test.cpp
Invoking: NVCC Compiler
/usr/local/cuda-10.1/bin/nvcc -G -g -O0 -gencode arch=compute_50,code=sm_50  -odir "." -M -o "test.d" "../test.cpp"
/usr/local/cuda-10.1/bin/nvcc -G -g -O0 --compile  -x c++ -o  "test.o" "../test.cpp"
Finished building: ../test.cpp
 
Building target: Chebyshev functions
Invoking: NVCC Linker
/usr/local/cuda-10.1/bin/nvcc --cudart static --relocatable-device-code=false -gencode arch=compute_50,code=compute_50 -gencode arch=compute_50,code=sm_50 -link -o  "Chebyshev functions"  ./test.o   
/usr/bin/ld: /usr/lib/gcc/x86_64-linux-gnu/8/../../../x86_64-linux-gnu/Scrt1.o: in function `_start':
(.text+0x20): undefined reference to `main'
collect2: error: ld returned 1 exit status
make: *** [makefile:60: Chebyshev functions] Error 1
11:01:05 **** Incremental Build of configuration Debug for project Chebyshev functions ****
make all 
Building file: ../test.cpp
Invoking: GCC C++ Compiler
g++ -O0 -g3 -Wall -c -fmessage-length=0 -MMD -MP -MF"test.d" -MT"test.d" -o "test.o" "../test.cpp"
Finished building: ../test.cpp
 
Building target: Chebyshev functions
Invoking: NVCC Linker
/usr/local/cuda-10.1/bin/nvcc --cudart static --relocatable-device-code=false -gencode arch=compute_50,code=compute_50 -gencode arch=compute_50,code=sm_50 -link -o  "Chebyshev functions"  ./test.o   
/usr/bin/ld: /usr/lib/gcc/x86_64-linux-gnu/8/../../../x86_64-linux-gnu/Scrt1.o: in function `_start':
(.text+0x20): undefined reference to `main'
collect2: error: ld returned 1 exit status
make: *** [makefile:60: Chebyshev functions] Error 1
11:01:14 **** Build of configuration Debug for project Chebyshev functions ****
make all 
Building target: Chebyshev functions
Invoking: NVCC Linker
/usr/local/cuda-10.1/bin/nvcc --cudart static --relocatable-device-code=false -gencode arch=compute_50,code=compute_50 -gencode arch=compute_50,code=sm_50 -link -o  "Chebyshev functions"  ./test.o   
/usr/bin/ld: /usr/lib/gcc/x86_64-linux-gnu/8/../../../x86_64-linux-gnu/Scrt1.o: in function `_start':
(.text+0x20): undefined reference to `main'
collect2: error: ld returned 1 exit status
make: *** [makefile:60: Chebyshev functions] Error 1
